2018/05/31 07:57:02 [error] [exception.CHttpException.404] exception 'CHttpException' with message 'Unable to resolve the request "gii".' in C:\xampp\htdocs\master_yii_1.13\framework\web\CWebApplication.php:286
Stack trace:
#0 C:\xampp\htdocs\master_yii_1.13\framework\web\CWebApplication.php(141): CWebApplication->runController('gii')
#1 C:\xampp\htdocs\master_yii_1.13\framework\base\CApplication.php(169): CWebApplication->processRequest()
#2 C:\xampp\htdocs\k24_yii\index.php(13): CApplication->run()
#3 {main}
REQUEST_URI=/k24_yii/index.php?r=gii
---
2018/05/31 07:57:09 [error] [exception.CHttpException.404] exception 'CHttpException' with message 'Unable to resolve the request "Gii".' in C:\xampp\htdocs\master_yii_1.13\framework\web\CWebApplication.php:286
Stack trace:
#0 C:\xampp\htdocs\master_yii_1.13\framework\web\CWebApplication.php(141): CWebApplication->runController('Gii')
#1 C:\xampp\htdocs\master_yii_1.13\framework\base\CApplication.php(169): CWebApplication->processRequest()
#2 C:\xampp\htdocs\k24_yii\index.php(13): CApplication->run()
#3 {main}
REQUEST_URI=/k24_yii/index.php?r=Gii
---
2018/05/31 07:57:30 [error] [exception.CHttpException.404] exception 'CHttpException' with message 'Unable to resolve the request "gii".' in C:\xampp\htdocs\master_yii_1.13\framework\web\CWebApplication.php:286
Stack trace:
#0 C:\xampp\htdocs\master_yii_1.13\framework\web\CWebApplication.php(141): CWebApplication->runController('gii')
#1 C:\xampp\htdocs\master_yii_1.13\framework\base\CApplication.php(169): CWebApplication->processRequest()
#2 C:\xampp\htdocs\k24_yii\index.php(13): CApplication->run()
#3 {main}
REQUEST_URI=/k24_yii/index.php?r=gii
---
2018/05/31 08:06:52 [error] [exception.CException] exception 'CException' with message 'Property "User.user_id" is not defined.' in C:\xampp\htdocs\master_yii_1.13\framework\base\CComponent.php:130
Stack trace:
#0 C:\xampp\htdocs\master_yii_1.13\framework\db\ar\CActiveRecord.php(143): CComponent->__get('user_id')
#1 C:\xampp\htdocs\k24_yii\protected\components\UserIdentity.php(30): CActiveRecord->__get('user_id')
#2 C:\xampp\htdocs\k24_yii\protected\models\LoginForm.php(52): UserIdentity->authenticate()
#3 C:\xampp\htdocs\master_yii_1.13\framework\validators\CInlineValidator.php(42): LoginForm->authenticate('password', Array)
#4 C:\xampp\htdocs\master_yii_1.13\framework\validators\CValidator.php(213): CInlineValidator->validateAttribute(Object(LoginForm), 'password')
#5 C:\xampp\htdocs\master_yii_1.13\framework\base\CModel.php(159): CValidator->validate(Object(LoginForm), NULL)
#6 C:\xampp\htdocs\k24_yii\protected\controllers\SiteController.php(94): CModel->validate()
#7 C:\xampp\htdocs\master_yii_1.13\framework\web\actions\CInlineAction.php(49): SiteController->actionLogin()
#8 C:\xampp\htdocs\master_yii_1.13\framework\web\CController.php(308): CInlineAction->runWithParams(Array)
#9 C:\xampp\htdocs\master_yii_1.13\framework\web\CController.php(286): CController->runAction(Object(CInlineAction))
#10 C:\xampp\htdocs\master_yii_1.13\framework\web\CController.php(265): CController->runActionWithFilters(Object(CInlineAction), Array)
#11 C:\xampp\htdocs\master_yii_1.13\framework\web\CWebApplication.php(282): CController->run('login')
#12 C:\xampp\htdocs\master_yii_1.13\framework\web\CWebApplication.php(141): CWebApplication->runController('site/login')
#13 C:\xampp\htdocs\master_yii_1.13\framework\base\CApplication.php(169): CWebApplication->processRequest()
#14 C:\xampp\htdocs\k24_yii\index.php(13): CApplication->run()
#15 {main}
REQUEST_URI=/k24_yii/index.php?r=site/login
HTTP_REFERER=http://localhost/k24_yii/index.php?r=site/login
---
2018/05/31 08:11:52 [error] [exception.CHttpException.403] exception 'CHttpException' with message 'You are not authorized to perform this action.' in C:\xampp\htdocs\master_yii_1.13\framework\web\auth\CAccessControlFilter.php:179
Stack trace:
#0 C:\xampp\htdocs\master_yii_1.13\framework\web\auth\CAccessControlFilter.php(142): CAccessControlFilter->accessDenied(Object(CWebUser), 'You are not aut...')
#1 C:\xampp\htdocs\master_yii_1.13\framework\web\filters\CFilter.php(38): CAccessControlFilter->preFilter(Object(CFilterChain))
#2 C:\xampp\htdocs\master_yii_1.13\framework\web\CController.php(1145): CFilter->filter(Object(CFilterChain))
#3 C:\xampp\htdocs\master_yii_1.13\framework\web\filters\CInlineFilter.php(58): CController->filterAccessControl(Object(CFilterChain))
#4 C:\xampp\htdocs\master_yii_1.13\framework\web\filters\CFilterChain.php(130): CInlineFilter->filter(Object(CFilterChain))
#5 C:\xampp\htdocs\master_yii_1.13\framework\web\CController.php(291): CFilterChain->run()
#6 C:\xampp\htdocs\master_yii_1.13\framework\web\CController.php(265): CController->runActionWithFilters(Object(CInlineAction), Array)
#7 C:\xampp\htdocs\master_yii_1.13\framework\web\CWebApplication.php(282): CController->run('admin')
#8 C:\xampp\htdocs\master_yii_1.13\framework\web\CWebApplication.php(141): CWebApplication->runController('user/admin')
#9 C:\xampp\htdocs\master_yii_1.13\framework\base\CApplication.php(169): CWebApplication->processRequest()
#10 C:\xampp\htdocs\k24_yii\index.php(13): CApplication->run()
#11 {main}
REQUEST_URI=/k24_yii/index.php?r=user/admin&view=index
HTTP_REFERER=http://localhost/k24_yii/index.php?r=site/login
---
2018/05/31 08:11:54 [error] [exception.CHttpException.403] exception 'CHttpException' with message 'You are not authorized to perform this action.' in C:\xampp\htdocs\master_yii_1.13\framework\web\auth\CAccessControlFilter.php:179
Stack trace:
#0 C:\xampp\htdocs\master_yii_1.13\framework\web\auth\CAccessControlFilter.php(142): CAccessControlFilter->accessDenied(Object(CWebUser), 'You are not aut...')
#1 C:\xampp\htdocs\master_yii_1.13\framework\web\filters\CFilter.php(38): CAccessControlFilter->preFilter(Object(CFilterChain))
#2 C:\xampp\htdocs\master_yii_1.13\framework\web\CController.php(1145): CFilter->filter(Object(CFilterChain))
#3 C:\xampp\htdocs\master_yii_1.13\framework\web\filters\CInlineFilter.php(58): CController->filterAccessControl(Object(CFilterChain))
#4 C:\xampp\htdocs\master_yii_1.13\framework\web\filters\CFilterChain.php(130): CInlineFilter->filter(Object(CFilterChain))
#5 C:\xampp\htdocs\master_yii_1.13\framework\web\CController.php(291): CFilterChain->run()
#6 C:\xampp\htdocs\master_yii_1.13\framework\web\CController.php(265): CController->runActionWithFilters(Object(CInlineAction), Array)
#7 C:\xampp\htdocs\master_yii_1.13\framework\web\CWebApplication.php(282): CController->run('admin')
#8 C:\xampp\htdocs\master_yii_1.13\framework\web\CWebApplication.php(141): CWebApplication->runController('user/admin')
#9 C:\xampp\htdocs\master_yii_1.13\framework\base\CApplication.php(169): CWebApplication->processRequest()
#10 C:\xampp\htdocs\k24_yii\index.php(13): CApplication->run()
#11 {main}
REQUEST_URI=/k24_yii/index.php?r=user/admin&view=index
HTTP_REFERER=http://localhost/k24_yii/index.php?r=user/admin&view=index
---
2018/05/31 08:15:18 [error] [exception.CHttpException.404] exception 'CHttpException' with message 'Unable to resolve the request "member".' in C:\xampp\htdocs\master_yii_1.13\framework\web\CWebApplication.php:286
Stack trace:
#0 C:\xampp\htdocs\master_yii_1.13\framework\web\CWebApplication.php(141): CWebApplication->runController('member')
#1 C:\xampp\htdocs\master_yii_1.13\framework\base\CApplication.php(169): CWebApplication->processRequest()
#2 C:\xampp\htdocs\k24_yii\index.php(13): CApplication->run()
#3 {main}
REQUEST_URI=/k24_yii/index.php?r=member
HTTP_REFERER=http://localhost/k24_yii/index.php?r=site/login
---
2018/05/31 08:15:20 [error] [exception.CHttpException.404] exception 'CHttpException' with message 'Unable to resolve the request "member".' in C:\xampp\htdocs\master_yii_1.13\framework\web\CWebApplication.php:286
Stack trace:
#0 C:\xampp\htdocs\master_yii_1.13\framework\web\CWebApplication.php(141): CWebApplication->runController('member')
#1 C:\xampp\htdocs\master_yii_1.13\framework\base\CApplication.php(169): CWebApplication->processRequest()
#2 C:\xampp\htdocs\k24_yii\index.php(13): CApplication->run()
#3 {main}
REQUEST_URI=/k24_yii/index.php?r=member
HTTP_REFERER=http://localhost/k24_yii/index.php?r=site/login
---
2018/05/31 08:15:24 [error] [exception.CHttpException.404] exception 'CHttpException' with message 'Unable to resolve the request "member".' in C:\xampp\htdocs\master_yii_1.13\framework\web\CWebApplication.php:286
Stack trace:
#0 C:\xampp\htdocs\master_yii_1.13\framework\web\CWebApplication.php(141): CWebApplication->runController('member')
#1 C:\xampp\htdocs\master_yii_1.13\framework\base\CApplication.php(169): CWebApplication->processRequest()
#2 C:\xampp\htdocs\k24_yii\index.php(13): CApplication->run()
#3 {main}
REQUEST_URI=/k24_yii/index.php?r=member
HTTP_REFERER=http://localhost/k24_yii/index.php?r=site/login
---
2018/05/31 08:15:27 [error] [exception.CHttpException.404] exception 'CHttpException' with message 'Unable to resolve the request "member".' in C:\xampp\htdocs\master_yii_1.13\framework\web\CWebApplication.php:286
Stack trace:
#0 C:\xampp\htdocs\master_yii_1.13\framework\web\CWebApplication.php(141): CWebApplication->runController('member')
#1 C:\xampp\htdocs\master_yii_1.13\framework\base\CApplication.php(169): CWebApplication->processRequest()
#2 C:\xampp\htdocs\k24_yii\index.php(13): CApplication->run()
#3 {main}
REQUEST_URI=/k24_yii/index.php?r=member
HTTP_REFERER=http://localhost/k24_yii/index.php?r=site/login
---
2018/05/31 08:15:34 [error] [exception.CHttpException.404] exception 'CHttpException' with message 'Unable to resolve the request "member".' in C:\xampp\htdocs\master_yii_1.13\framework\web\CWebApplication.php:286
Stack trace:
#0 C:\xampp\htdocs\master_yii_1.13\framework\web\CWebApplication.php(141): CWebApplication->runController('member')
#1 C:\xampp\htdocs\master_yii_1.13\framework\base\CApplication.php(169): CWebApplication->processRequest()
#2 C:\xampp\htdocs\k24_yii\index.php(13): CApplication->run()
#3 {main}
REQUEST_URI=/k24_yii/index.php?r=member
HTTP_REFERER=http://localhost/k24_yii/index.php?r=user/admin&view=index
---
2018/05/31 08:15:48 [error] [exception.CHttpException.404] exception 'CHttpException' with message 'Unable to resolve the request "member".' in C:\xampp\htdocs\master_yii_1.13\framework\web\CWebApplication.php:286
Stack trace:
#0 C:\xampp\htdocs\master_yii_1.13\framework\web\CWebApplication.php(141): CWebApplication->runController('member')
#1 C:\xampp\htdocs\master_yii_1.13\framework\base\CApplication.php(169): CWebApplication->processRequest()
#2 C:\xampp\htdocs\k24_yii\index.php(13): CApplication->run()
#3 {main}
REQUEST_URI=/k24_yii/index.php?r=member
HTTP_REFERER=http://localhost/k24_yii/index.php?r=user/admin&view=index
---
2018/05/31 08:16:11 [error] [exception.CHttpException.404] exception 'CHttpException' with message 'Unable to resolve the request "member/admin".' in C:\xampp\htdocs\master_yii_1.13\framework\web\CWebApplication.php:286
Stack trace:
#0 C:\xampp\htdocs\master_yii_1.13\framework\web\CWebApplication.php(141): CWebApplication->runController('member/admin')
#1 C:\xampp\htdocs\master_yii_1.13\framework\base\CApplication.php(169): CWebApplication->processRequest()
#2 C:\xampp\htdocs\k24_yii\index.php(13): CApplication->run()
#3 {main}
REQUEST_URI=/k24_yii/index.php?r=member/admin
HTTP_REFERER=http://localhost/k24_yii/index.php?r=member
---
2018/05/31 08:16:15 [error] [exception.CHttpException.404] exception 'CHttpException' with message 'Unable to resolve the request "member/admin".' in C:\xampp\htdocs\master_yii_1.13\framework\web\CWebApplication.php:286
Stack trace:
#0 C:\xampp\htdocs\master_yii_1.13\framework\web\CWebApplication.php(141): CWebApplication->runController('member/admin')
#1 C:\xampp\htdocs\master_yii_1.13\framework\base\CApplication.php(169): CWebApplication->processRequest()
#2 C:\xampp\htdocs\k24_yii\index.php(13): CApplication->run()
#3 {main}
REQUEST_URI=/k24_yii/index.php?r=member/admin
HTTP_REFERER=http://localhost/k24_yii/index.php?r=user/admin&view=index
---
2018/05/31 08:16:19 [error] [exception.CHttpException.404] exception 'CHttpException' with message 'Unable to resolve the request "member/admin".' in C:\xampp\htdocs\master_yii_1.13\framework\web\CWebApplication.php:286
Stack trace:
#0 C:\xampp\htdocs\master_yii_1.13\framework\web\CWebApplication.php(141): CWebApplication->runController('member/admin')
#1 C:\xampp\htdocs\master_yii_1.13\framework\base\CApplication.php(169): CWebApplication->processRequest()
#2 C:\xampp\htdocs\k24_yii\index.php(13): CApplication->run()
#3 {main}
REQUEST_URI=/k24_yii/index.php?r=member/admin
HTTP_REFERER=http://localhost/k24_yii/index.php?r=user/admin&view=index
---
2018/05/31 08:16:38 [error] [exception.CHttpException.404] exception 'CHttpException' with message 'Unable to resolve the request "member/admin".' in C:\xampp\htdocs\master_yii_1.13\framework\web\CWebApplication.php:286
Stack trace:
#0 C:\xampp\htdocs\master_yii_1.13\framework\web\CWebApplication.php(141): CWebApplication->runController('member/admin')
#1 C:\xampp\htdocs\master_yii_1.13\framework\base\CApplication.php(169): CWebApplication->processRequest()
#2 C:\xampp\htdocs\k24_yii\index.php(13): CApplication->run()
#3 {main}
REQUEST_URI=/k24_yii/index.php?r=member/admin&view=index
HTTP_REFERER=http://localhost/k24_yii/index.php
---
2018/05/31 08:16:39 [error] [exception.CHttpException.404] exception 'CHttpException' with message 'Unable to resolve the request "member/admin".' in C:\xampp\htdocs\master_yii_1.13\framework\web\CWebApplication.php:286
Stack trace:
#0 C:\xampp\htdocs\master_yii_1.13\framework\web\CWebApplication.php(141): CWebApplication->runController('member/admin')
#1 C:\xampp\htdocs\master_yii_1.13\framework\base\CApplication.php(169): CWebApplication->processRequest()
#2 C:\xampp\htdocs\k24_yii\index.php(13): CApplication->run()
#3 {main}
REQUEST_URI=/k24_yii/index.php?r=member/admin&view=index
HTTP_REFERER=http://localhost/k24_yii/index.php?r=site/login
---
2018/05/31 08:17:05 [error] [exception.CHttpException.404] exception 'CHttpException' with message 'Unable to resolve the request "member/admin".' in C:\xampp\htdocs\master_yii_1.13\framework\web\CWebApplication.php:286
Stack trace:
#0 C:\xampp\htdocs\master_yii_1.13\framework\web\CWebApplication.php(141): CWebApplication->runController('member/admin')
#1 C:\xampp\htdocs\master_yii_1.13\framework\base\CApplication.php(169): CWebApplication->processRequest()
#2 C:\xampp\htdocs\k24_yii\index.php(13): CApplication->run()
#3 {main}
REQUEST_URI=/k24_yii/index.php?r=member/admin&view=index
HTTP_REFERER=http://localhost/k24_yii/index.php?r=site/login
---
2018/05/31 08:17:38 [error] [exception.CHttpException.404] exception 'CHttpException' with message 'Unable to resolve the request "member/admin".' in C:\xampp\htdocs\master_yii_1.13\framework\web\CWebApplication.php:286
Stack trace:
#0 C:\xampp\htdocs\master_yii_1.13\framework\web\CWebApplication.php(141): CWebApplication->runController('member/admin')
#1 C:\xampp\htdocs\master_yii_1.13\framework\base\CApplication.php(169): CWebApplication->processRequest()
#2 C:\xampp\htdocs\k24_yii\index.php(13): CApplication->run()
#3 {main}
REQUEST_URI=/k24_yii/index.php?r=member/admin&view=index
HTTP_REFERER=http://localhost/k24_yii/index.php?r=site/login
---
2018/05/31 08:17:39 [error] [exception.CHttpException.404] exception 'CHttpException' with message 'Unable to resolve the request "member/admin".' in C:\xampp\htdocs\master_yii_1.13\framework\web\CWebApplication.php:286
Stack trace:
#0 C:\xampp\htdocs\master_yii_1.13\framework\web\CWebApplication.php(141): CWebApplication->runController('member/admin')
#1 C:\xampp\htdocs\master_yii_1.13\framework\base\CApplication.php(169): CWebApplication->processRequest()
#2 C:\xampp\htdocs\k24_yii\index.php(13): CApplication->run()
#3 {main}
REQUEST_URI=/k24_yii/index.php?r=member/admin&view=index
HTTP_REFERER=http://localhost/k24_yii/index.php?r=site/login
---
2018/05/31 08:18:22 [error] [exception.CHttpException.404] exception 'CHttpException' with message 'Unable to resolve the request "member/admin".' in C:\xampp\htdocs\master_yii_1.13\framework\web\CWebApplication.php:286
Stack trace:
#0 C:\xampp\htdocs\master_yii_1.13\framework\web\CWebApplication.php(141): CWebApplication->runController('member/admin')
#1 C:\xampp\htdocs\master_yii_1.13\framework\base\CApplication.php(169): CWebApplication->processRequest()
#2 C:\xampp\htdocs\k24_yii\index.php(13): CApplication->run()
#3 {main}
REQUEST_URI=/k24_yii/index.php?r=member/admin&view=index
HTTP_REFERER=http://localhost/k24_yii/index.php?r=member/admin&view=index
---
2018/05/31 08:18:24 [error] [exception.CHttpException.404] exception 'CHttpException' with message 'Unable to resolve the request "member/admin".' in C:\xampp\htdocs\master_yii_1.13\framework\web\CWebApplication.php:286
Stack trace:
#0 C:\xampp\htdocs\master_yii_1.13\framework\web\CWebApplication.php(141): CWebApplication->runController('member/admin')
#1 C:\xampp\htdocs\master_yii_1.13\framework\base\CApplication.php(169): CWebApplication->processRequest()
#2 C:\xampp\htdocs\k24_yii\index.php(13): CApplication->run()
#3 {main}
REQUEST_URI=/k24_yii/index.php?r=member/admin&view=index
HTTP_REFERER=http://localhost/k24_yii/index.php?r=site/login
---
2018/05/31 08:18:34 [error] [exception.CHttpException.403] exception 'CHttpException' with message 'You are not authorized to perform this action.' in C:\xampp\htdocs\master_yii_1.13\framework\web\auth\CAccessControlFilter.php:179
Stack trace:
#0 C:\xampp\htdocs\master_yii_1.13\framework\web\auth\CAccessControlFilter.php(142): CAccessControlFilter->accessDenied(Object(CWebUser), 'You are not aut...')
#1 C:\xampp\htdocs\master_yii_1.13\framework\web\filters\CFilter.php(38): CAccessControlFilter->preFilter(Object(CFilterChain))
#2 C:\xampp\htdocs\master_yii_1.13\framework\web\CController.php(1145): CFilter->filter(Object(CFilterChain))
#3 C:\xampp\htdocs\master_yii_1.13\framework\web\filters\CInlineFilter.php(58): CController->filterAccessControl(Object(CFilterChain))
#4 C:\xampp\htdocs\master_yii_1.13\framework\web\filters\CFilterChain.php(130): CInlineFilter->filter(Object(CFilterChain))
#5 C:\xampp\htdocs\master_yii_1.13\framework\web\CController.php(291): CFilterChain->run()
#6 C:\xampp\htdocs\master_yii_1.13\framework\web\CController.php(265): CController->runActionWithFilters(Object(CInlineAction), Array)
#7 C:\xampp\htdocs\master_yii_1.13\framework\web\CWebApplication.php(282): CController->run('admin')
#8 C:\xampp\htdocs\master_yii_1.13\framework\web\CWebApplication.php(141): CWebApplication->runController('user/admin')
#9 C:\xampp\htdocs\master_yii_1.13\framework\base\CApplication.php(169): CWebApplication->processRequest()
#10 C:\xampp\htdocs\k24_yii\index.php(13): CApplication->run()
#11 {main}
REQUEST_URI=/k24_yii/index.php?r=user/admin&view=index
HTTP_REFERER=http://localhost/k24_yii/index.php?r=site/login
---
2018/05/31 08:18:38 [error] [exception.CHttpException.403] exception 'CHttpException' with message 'You are not authorized to perform this action.' in C:\xampp\htdocs\master_yii_1.13\framework\web\auth\CAccessControlFilter.php:179
Stack trace:
#0 C:\xampp\htdocs\master_yii_1.13\framework\web\auth\CAccessControlFilter.php(142): CAccessControlFilter->accessDenied(Object(CWebUser), 'You are not aut...')
#1 C:\xampp\htdocs\master_yii_1.13\framework\web\filters\CFilter.php(38): CAccessControlFilter->preFilter(Object(CFilterChain))
#2 C:\xampp\htdocs\master_yii_1.13\framework\web\CController.php(1145): CFilter->filter(Object(CFilterChain))
#3 C:\xampp\htdocs\master_yii_1.13\framework\web\filters\CInlineFilter.php(58): CController->filterAccessControl(Object(CFilterChain))
#4 C:\xampp\htdocs\master_yii_1.13\framework\web\filters\CFilterChain.php(130): CInlineFilter->filter(Object(CFilterChain))
#5 C:\xampp\htdocs\master_yii_1.13\framework\web\CController.php(291): CFilterChain->run()
#6 C:\xampp\htdocs\master_yii_1.13\framework\web\CController.php(265): CController->runActionWithFilters(Object(CInlineAction), Array)
#7 C:\xampp\htdocs\master_yii_1.13\framework\web\CWebApplication.php(282): CController->run('admin')
#8 C:\xampp\htdocs\master_yii_1.13\framework\web\CWebApplication.php(141): CWebApplication->runController('user/admin')
#9 C:\xampp\htdocs\master_yii_1.13\framework\base\CApplication.php(169): CWebApplication->processRequest()
#10 C:\xampp\htdocs\k24_yii\index.php(13): CApplication->run()
#11 {main}
REQUEST_URI=/k24_yii/index.php?r=user/admin&view=index
HTTP_REFERER=http://localhost/k24_yii/index.php?r=user/admin&view=index
---
2018/05/31 08:18:39 [error] [exception.CHttpException.404] exception 'CHttpException' with message 'Unable to resolve the request "member/admin".' in C:\xampp\htdocs\master_yii_1.13\framework\web\CWebApplication.php:286
Stack trace:
#0 C:\xampp\htdocs\master_yii_1.13\framework\web\CWebApplication.php(141): CWebApplication->runController('member/admin')
#1 C:\xampp\htdocs\master_yii_1.13\framework\base\CApplication.php(169): CWebApplication->processRequest()
#2 C:\xampp\htdocs\k24_yii\index.php(13): CApplication->run()
#3 {main}
REQUEST_URI=/k24_yii/index.php?r=member/admin&view=index
HTTP_REFERER=http://localhost/k24_yii/index.php?r=user/admin&view=index
---
2018/05/31 08:28:30 [error] [exception.CHttpException.403] exception 'CHttpException' with message 'You are not authorized to perform this action.' in C:\xampp\htdocs\master_yii_1.13\framework\web\auth\CAccessControlFilter.php:179
Stack trace:
#0 C:\xampp\htdocs\master_yii_1.13\framework\web\auth\CAccessControlFilter.php(142): CAccessControlFilter->accessDenied(Object(CWebUser), 'You are not aut...')
#1 C:\xampp\htdocs\master_yii_1.13\framework\web\filters\CFilter.php(38): CAccessControlFilter->preFilter(Object(CFilterChain))
#2 C:\xampp\htdocs\master_yii_1.13\framework\web\CController.php(1145): CFilter->filter(Object(CFilterChain))
#3 C:\xampp\htdocs\master_yii_1.13\framework\web\filters\CInlineFilter.php(58): CController->filterAccessControl(Object(CFilterChain))
#4 C:\xampp\htdocs\master_yii_1.13\framework\web\filters\CFilterChain.php(130): CInlineFilter->filter(Object(CFilterChain))
#5 C:\xampp\htdocs\master_yii_1.13\framework\web\CController.php(291): CFilterChain->run()
#6 C:\xampp\htdocs\master_yii_1.13\framework\web\CController.php(265): CController->runActionWithFilters(Object(CInlineAction), Array)
#7 C:\xampp\htdocs\master_yii_1.13\framework\web\CWebApplication.php(282): CController->run('admin')
#8 C:\xampp\htdocs\master_yii_1.13\framework\web\CWebApplication.php(141): CWebApplication->runController('member/admin')
#9 C:\xampp\htdocs\master_yii_1.13\framework\base\CApplication.php(169): CWebApplication->processRequest()
#10 C:\xampp\htdocs\k24_yii\index.php(13): CApplication->run()
#11 {main}
REQUEST_URI=/k24_yii/index.php?r=member/admin&view=index
HTTP_REFERER=http://localhost/k24_yii/index.php
---
2018/05/31 08:28:31 [error] [exception.CHttpException.403] exception 'CHttpException' with message 'You are not authorized to perform this action.' in C:\xampp\htdocs\master_yii_1.13\framework\web\auth\CAccessControlFilter.php:179
Stack trace:
#0 C:\xampp\htdocs\master_yii_1.13\framework\web\auth\CAccessControlFilter.php(142): CAccessControlFilter->accessDenied(Object(CWebUser), 'You are not aut...')
#1 C:\xampp\htdocs\master_yii_1.13\framework\web\filters\CFilter.php(38): CAccessControlFilter->preFilter(Object(CFilterChain))
#2 C:\xampp\htdocs\master_yii_1.13\framework\web\CController.php(1145): CFilter->filter(Object(CFilterChain))
#3 C:\xampp\htdocs\master_yii_1.13\framework\web\filters\CInlineFilter.php(58): CController->filterAccessControl(Object(CFilterChain))
#4 C:\xampp\htdocs\master_yii_1.13\framework\web\filters\CFilterChain.php(130): CInlineFilter->filter(Object(CFilterChain))
#5 C:\xampp\htdocs\master_yii_1.13\framework\web\CController.php(291): CFilterChain->run()
#6 C:\xampp\htdocs\master_yii_1.13\framework\web\CController.php(265): CController->runActionWithFilters(Object(CInlineAction), Array)
#7 C:\xampp\htdocs\master_yii_1.13\framework\web\CWebApplication.php(282): CController->run('admin')
#8 C:\xampp\htdocs\master_yii_1.13\framework\web\CWebApplication.php(141): CWebApplication->runController('user/admin')
#9 C:\xampp\htdocs\master_yii_1.13\framework\base\CApplication.php(169): CWebApplication->processRequest()
#10 C:\xampp\htdocs\k24_yii\index.php(13): CApplication->run()
#11 {main}
REQUEST_URI=/k24_yii/index.php?r=user/admin&view=index
HTTP_REFERER=http://localhost/k24_yii/index.php?r=member/admin&view=index
---
2018/05/31 08:29:18 [error] [exception.CHttpException.403] exception 'CHttpException' with message 'You are not authorized to perform this action.' in C:\xampp\htdocs\master_yii_1.13\framework\web\auth\CAccessControlFilter.php:179
Stack trace:
#0 C:\xampp\htdocs\master_yii_1.13\framework\web\auth\CAccessControlFilter.php(142): CAccessControlFilter->accessDenied(Object(CWebUser), 'You are not aut...')
#1 C:\xampp\htdocs\master_yii_1.13\framework\web\filters\CFilter.php(38): CAccessControlFilter->preFilter(Object(CFilterChain))
#2 C:\xampp\htdocs\master_yii_1.13\framework\web\CController.php(1145): CFilter->filter(Object(CFilterChain))
#3 C:\xampp\htdocs\master_yii_1.13\framework\web\filters\CInlineFilter.php(58): CController->filterAccessControl(Object(CFilterChain))
#4 C:\xampp\htdocs\master_yii_1.13\framework\web\filters\CFilterChain.php(130): CInlineFilter->filter(Object(CFilterChain))
#5 C:\xampp\htdocs\master_yii_1.13\framework\web\CController.php(291): CFilterChain->run()
#6 C:\xampp\htdocs\master_yii_1.13\framework\web\CController.php(265): CController->runActionWithFilters(Object(CInlineAction), Array)
#7 C:\xampp\htdocs\master_yii_1.13\framework\web\CWebApplication.php(282): CController->run('admin')
#8 C:\xampp\htdocs\master_yii_1.13\framework\web\CWebApplication.php(141): CWebApplication->runController('member/admin')
#9 C:\xampp\htdocs\master_yii_1.13\framework\base\CApplication.php(169): CWebApplication->processRequest()
#10 C:\xampp\htdocs\k24_yii\index.php(13): CApplication->run()
#11 {main}
REQUEST_URI=/k24_yii/index.php?r=member/admin&view=index
HTTP_REFERER=http://localhost/k24_yii/index.php
---
2018/05/31 08:29:21 [error] [exception.CHttpException.403] exception 'CHttpException' with message 'You are not authorized to perform this action.' in C:\xampp\htdocs\master_yii_1.13\framework\web\auth\CAccessControlFilter.php:179
Stack trace:
#0 C:\xampp\htdocs\master_yii_1.13\framework\web\auth\CAccessControlFilter.php(142): CAccessControlFilter->accessDenied(Object(CWebUser), 'You are not aut...')
#1 C:\xampp\htdocs\master_yii_1.13\framework\web\filters\CFilter.php(38): CAccessControlFilter->preFilter(Object(CFilterChain))
#2 C:\xampp\htdocs\master_yii_1.13\framework\web\CController.php(1145): CFilter->filter(Object(CFilterChain))
#3 C:\xampp\htdocs\master_yii_1.13\framework\web\filters\CInlineFilter.php(58): CController->filterAccessControl(Object(CFilterChain))
#4 C:\xampp\htdocs\master_yii_1.13\framework\web\filters\CFilterChain.php(130): CInlineFilter->filter(Object(CFilterChain))
#5 C:\xampp\htdocs\master_yii_1.13\framework\web\CController.php(291): CFilterChain->run()
#6 C:\xampp\htdocs\master_yii_1.13\framework\web\CController.php(265): CController->runActionWithFilters(Object(CInlineAction), Array)
#7 C:\xampp\htdocs\master_yii_1.13\framework\web\CWebApplication.php(282): CController->run('admin')
#8 C:\xampp\htdocs\master_yii_1.13\framework\web\CWebApplication.php(141): CWebApplication->runController('user/admin')
#9 C:\xampp\htdocs\master_yii_1.13\framework\base\CApplication.php(169): CWebApplication->processRequest()
#10 C:\xampp\htdocs\k24_yii\index.php(13): CApplication->run()
#11 {main}
REQUEST_URI=/k24_yii/index.php?r=user/admin&view=index
HTTP_REFERER=http://localhost/k24_yii/index.php?r=member/admin&view=index
---
2018/05/31 08:29:41 [error] [exception.CHttpException.403] exception 'CHttpException' with message 'You are not authorized to perform this action.' in C:\xampp\htdocs\master_yii_1.13\framework\web\auth\CAccessControlFilter.php:179
Stack trace:
#0 C:\xampp\htdocs\master_yii_1.13\framework\web\auth\CAccessControlFilter.php(142): CAccessControlFilter->accessDenied(Object(CWebUser), 'You are not aut...')
#1 C:\xampp\htdocs\master_yii_1.13\framework\web\filters\CFilter.php(38): CAccessControlFilter->preFilter(Object(CFilterChain))
#2 C:\xampp\htdocs\master_yii_1.13\framework\web\CController.php(1145): CFilter->filter(Object(CFilterChain))
#3 C:\xampp\htdocs\master_yii_1.13\framework\web\filters\CInlineFilter.php(58): CController->filterAccessControl(Object(CFilterChain))
#4 C:\xampp\htdocs\master_yii_1.13\framework\web\filters\CFilterChain.php(130): CInlineFilter->filter(Object(CFilterChain))
#5 C:\xampp\htdocs\master_yii_1.13\framework\web\CController.php(291): CFilterChain->run()
#6 C:\xampp\htdocs\master_yii_1.13\framework\web\CController.php(265): CController->runActionWithFilters(Object(CInlineAction), Array)
#7 C:\xampp\htdocs\master_yii_1.13\framework\web\CWebApplication.php(282): CController->run('admin')
#8 C:\xampp\htdocs\master_yii_1.13\framework\web\CWebApplication.php(141): CWebApplication->runController('user/admin')
#9 C:\xampp\htdocs\master_yii_1.13\framework\base\CApplication.php(169): CWebApplication->processRequest()
#10 C:\xampp\htdocs\k24_yii\index.php(13): CApplication->run()
#11 {main}
REQUEST_URI=/k24_yii/index.php?r=user/admin&view=index
HTTP_REFERER=http://localhost/k24_yii/index.php?r=member/admin&view=index
---
2018/05/31 08:29:42 [error] [exception.CHttpException.404] exception 'CHttpException' with message 'The system is unable to find the requested action "member".' in C:\xampp\htdocs\master_yii_1.13\framework\web\CController.php:483
Stack trace:
#0 C:\xampp\htdocs\master_yii_1.13\framework\web\CController.php(270): CController->missingAction('member')
#1 C:\xampp\htdocs\master_yii_1.13\framework\web\CWebApplication.php(282): CController->run('member')
#2 C:\xampp\htdocs\master_yii_1.13\framework\web\CWebApplication.php(141): CWebApplication->runController('site/member')
#3 C:\xampp\htdocs\master_yii_1.13\framework\base\CApplication.php(169): CWebApplication->processRequest()
#4 C:\xampp\htdocs\k24_yii\index.php(13): CApplication->run()
#5 {main}
REQUEST_URI=/k24_yii/index.php?r=site/member&view=index
HTTP_REFERER=http://localhost/k24_yii/index.php?r=user/admin&view=index
---
2018/05/31 08:29:47 [error] [exception.CHttpException.404] exception 'CHttpException' with message 'The system is unable to find the requested action "member".' in C:\xampp\htdocs\master_yii_1.13\framework\web\CController.php:483
Stack trace:
#0 C:\xampp\htdocs\master_yii_1.13\framework\web\CController.php(270): CController->missingAction('member')
#1 C:\xampp\htdocs\master_yii_1.13\framework\web\CWebApplication.php(282): CController->run('member')
#2 C:\xampp\htdocs\master_yii_1.13\framework\web\CWebApplication.php(141): CWebApplication->runController('user/member')
#3 C:\xampp\htdocs\master_yii_1.13\framework\base\CApplication.php(169): CWebApplication->processRequest()
#4 C:\xampp\htdocs\k24_yii\index.php(13): CApplication->run()
#5 {main}
REQUEST_URI=/k24_yii/index.php?r=user/member&view=index
HTTP_REFERER=http://localhost/k24_yii/index.php?r=user&view=index
---
2018/05/31 08:29:59 [error] [exception.CHttpException.404] exception 'CHttpException' with message 'The system is unable to find the requested action "member".' in C:\xampp\htdocs\master_yii_1.13\framework\web\CController.php:483
Stack trace:
#0 C:\xampp\htdocs\master_yii_1.13\framework\web\CController.php(270): CController->missingAction('member')
#1 C:\xampp\htdocs\master_yii_1.13\framework\web\CWebApplication.php(282): CController->run('member')
#2 C:\xampp\htdocs\master_yii_1.13\framework\web\CWebApplication.php(141): CWebApplication->runController('user/member')
#3 C:\xampp\htdocs\master_yii_1.13\framework\base\CApplication.php(169): CWebApplication->processRequest()
#4 C:\xampp\htdocs\k24_yii\index.php(13): CApplication->run()
#5 {main}
REQUEST_URI=/k24_yii/index.php?r=user/member&view=index
HTTP_REFERER=http://localhost/k24_yii/index.php?r=user&view=index
---
2018/05/31 08:30:11 [error] [exception.CHttpException.403] exception 'CHttpException' with message 'You are not authorized to perform this action.' in C:\xampp\htdocs\master_yii_1.13\framework\web\auth\CAccessControlFilter.php:179
Stack trace:
#0 C:\xampp\htdocs\master_yii_1.13\framework\web\auth\CAccessControlFilter.php(142): CAccessControlFilter->accessDenied(Object(CWebUser), 'You are not aut...')
#1 C:\xampp\htdocs\master_yii_1.13\framework\web\filters\CFilter.php(38): CAccessControlFilter->preFilter(Object(CFilterChain))
#2 C:\xampp\htdocs\master_yii_1.13\framework\web\CController.php(1145): CFilter->filter(Object(CFilterChain))
#3 C:\xampp\htdocs\master_yii_1.13\framework\web\filters\CInlineFilter.php(58): CController->filterAccessControl(Object(CFilterChain))
#4 C:\xampp\htdocs\master_yii_1.13\framework\web\filters\CFilterChain.php(130): CInlineFilter->filter(Object(CFilterChain))
#5 C:\xampp\htdocs\master_yii_1.13\framework\web\CController.php(291): CFilterChain->run()
#6 C:\xampp\htdocs\master_yii_1.13\framework\web\CController.php(265): CController->runActionWithFilters(Object(CInlineAction), Array)
#7 C:\xampp\htdocs\master_yii_1.13\framework\web\CWebApplication.php(282): CController->run('admin')
#8 C:\xampp\htdocs\master_yii_1.13\framework\web\CWebApplication.php(141): CWebApplication->runController('user/admin')
#9 C:\xampp\htdocs\master_yii_1.13\framework\base\CApplication.php(169): CWebApplication->processRequest()
#10 C:\xampp\htdocs\k24_yii\index.php(13): CApplication->run()
#11 {main}
REQUEST_URI=/k24_yii/index.php?r=user/admin
HTTP_REFERER=http://localhost/k24_yii/index.php?r=user&view=index
---
2018/05/31 08:30:52 [error] [exception.CHttpException.404] exception 'CHttpException' with message 'The system is unable to find the requested action "member".' in C:\xampp\htdocs\master_yii_1.13\framework\web\CController.php:483
Stack trace:
#0 C:\xampp\htdocs\master_yii_1.13\framework\web\CController.php(270): CController->missingAction('member')
#1 C:\xampp\htdocs\master_yii_1.13\framework\web\CWebApplication.php(282): CController->run('member')
#2 C:\xampp\htdocs\master_yii_1.13\framework\web\CWebApplication.php(141): CWebApplication->runController('site/member')
#3 C:\xampp\htdocs\master_yii_1.13\framework\base\CApplication.php(169): CWebApplication->processRequest()
#4 C:\xampp\htdocs\k24_yii\index.php(13): CApplication->run()
#5 {main}
REQUEST_URI=/k24_yii/index.php?r=site/member&view=index
HTTP_REFERER=http://localhost/k24_yii/index.php
---
2018/05/31 08:32:05 [error] [exception.CHttpException.403] exception 'CHttpException' with message 'You are not authorized to perform this action.' in C:\xampp\htdocs\master_yii_1.13\framework\web\auth\CAccessControlFilter.php:179
Stack trace:
#0 C:\xampp\htdocs\master_yii_1.13\framework\web\auth\CAccessControlFilter.php(142): CAccessControlFilter->accessDenied(Object(CWebUser), 'You are not aut...')
#1 C:\xampp\htdocs\master_yii_1.13\framework\web\filters\CFilter.php(38): CAccessControlFilter->preFilter(Object(CFilterChain))
#2 C:\xampp\htdocs\master_yii_1.13\framework\web\CController.php(1145): CFilter->filter(Object(CFilterChain))
#3 C:\xampp\htdocs\master_yii_1.13\framework\web\filters\CInlineFilter.php(58): CController->filterAccessControl(Object(CFilterChain))
#4 C:\xampp\htdocs\master_yii_1.13\framework\web\filters\CFilterChain.php(130): CInlineFilter->filter(Object(CFilterChain))
#5 C:\xampp\htdocs\master_yii_1.13\framework\web\CController.php(291): CFilterChain->run()
#6 C:\xampp\htdocs\master_yii_1.13\framework\web\CController.php(265): CController->runActionWithFilters(Object(CInlineAction), Array)
#7 C:\xampp\htdocs\master_yii_1.13\framework\web\CWebApplication.php(282): CController->run('admin')
#8 C:\xampp\htdocs\master_yii_1.13\framework\web\CWebApplication.php(141): CWebApplication->runController('user/admin')
#9 C:\xampp\htdocs\master_yii_1.13\framework\base\CApplication.php(169): CWebApplication->processRequest()
#10 C:\xampp\htdocs\k24_yii\index.php(13): CApplication->run()
#11 {main}
REQUEST_URI=/k24_yii/index.php?r=user/admin
HTTP_REFERER=http://localhost/k24_yii/index.php?r=site/login
---
2018/05/31 08:32:10 [error] [exception.CHttpException.403] exception 'CHttpException' with message 'You are not authorized to perform this action.' in C:\xampp\htdocs\master_yii_1.13\framework\web\auth\CAccessControlFilter.php:179
Stack trace:
#0 C:\xampp\htdocs\master_yii_1.13\framework\web\auth\CAccessControlFilter.php(142): CAccessControlFilter->accessDenied(Object(CWebUser), 'You are not aut...')
#1 C:\xampp\htdocs\master_yii_1.13\framework\web\filters\CFilter.php(38): CAccessControlFilter->preFilter(Object(CFilterChain))
#2 C:\xampp\htdocs\master_yii_1.13\framework\web\CController.php(1145): CFilter->filter(Object(CFilterChain))
#3 C:\xampp\htdocs\master_yii_1.13\framework\web\filters\CInlineFilter.php(58): CController->filterAccessControl(Object(CFilterChain))
#4 C:\xampp\htdocs\master_yii_1.13\framework\web\filters\CFilterChain.php(130): CInlineFilter->filter(Object(CFilterChain))
#5 C:\xampp\htdocs\master_yii_1.13\framework\web\CController.php(291): CFilterChain->run()
#6 C:\xampp\htdocs\master_yii_1.13\framework\web\CController.php(265): CController->runActionWithFilters(Object(CInlineAction), Array)
#7 C:\xampp\htdocs\master_yii_1.13\framework\web\CWebApplication.php(282): CController->run('admin')
#8 C:\xampp\htdocs\master_yii_1.13\framework\web\CWebApplication.php(141): CWebApplication->runController('user/admin')
#9 C:\xampp\htdocs\master_yii_1.13\framework\base\CApplication.php(169): CWebApplication->processRequest()
#10 C:\xampp\htdocs\k24_yii\index.php(13): CApplication->run()
#11 {main}
REQUEST_URI=/k24_yii/index.php?r=user/admin
HTTP_REFERER=http://localhost/k24_yii/index.php?r=user/index
---
2018/05/31 08:32:13 [error] [exception.CHttpException.403] exception 'CHttpException' with message 'You are not authorized to perform this action.' in C:\xampp\htdocs\master_yii_1.13\framework\web\auth\CAccessControlFilter.php:179
Stack trace:
#0 C:\xampp\htdocs\master_yii_1.13\framework\web\auth\CAccessControlFilter.php(142): CAccessControlFilter->accessDenied(Object(CWebUser), 'You are not aut...')
#1 C:\xampp\htdocs\master_yii_1.13\framework\web\filters\CFilter.php(38): CAccessControlFilter->preFilter(Object(CFilterChain))
#2 C:\xampp\htdocs\master_yii_1.13\framework\web\CController.php(1145): CFilter->filter(Object(CFilterChain))
#3 C:\xampp\htdocs\master_yii_1.13\framework\web\filters\CInlineFilter.php(58): CController->filterAccessControl(Object(CFilterChain))
#4 C:\xampp\htdocs\master_yii_1.13\framework\web\filters\CFilterChain.php(130): CInlineFilter->filter(Object(CFilterChain))
#5 C:\xampp\htdocs\master_yii_1.13\framework\web\CController.php(291): CFilterChain->run()
#6 C:\xampp\htdocs\master_yii_1.13\framework\web\CController.php(265): CController->runActionWithFilters(Object(CInlineAction), Array)
#7 C:\xampp\htdocs\master_yii_1.13\framework\web\CWebApplication.php(282): CController->run('admin')
#8 C:\xampp\htdocs\master_yii_1.13\framework\web\CWebApplication.php(141): CWebApplication->runController('member/admin')
#9 C:\xampp\htdocs\master_yii_1.13\framework\base\CApplication.php(169): CWebApplication->processRequest()
#10 C:\xampp\htdocs\k24_yii\index.php(13): CApplication->run()
#11 {main}
REQUEST_URI=/k24_yii/index.php?r=member/admin
HTTP_REFERER=http://localhost/k24_yii/index.php?r=member/index&view=index
---
2018/05/31 09:13:47 [error] [exception.CException] exception 'CException' with message 'The column must be specified in the format of "Name:Type:Label", where "Type" and "Label" are optional.' in C:\xampp\htdocs\master_yii_1.13\framework\zii\widgets\grid\CGridView.php:387
Stack trace:
#0 C:\xampp\htdocs\master_yii_1.13\framework\zii\widgets\grid\CGridView.php(358): CGridView->createDataColumn('***********')
#1 C:\xampp\htdocs\master_yii_1.13\framework\zii\widgets\grid\CGridView.php(334): CGridView->initColumns()
#2 C:\xampp\htdocs\master_yii_1.13\framework\web\CBaseController.php(147): CGridView->init()
#3 C:\xampp\htdocs\master_yii_1.13\framework\web\CBaseController.php(172): CBaseController->createWidget('zii.widgets.gri...', Array)
#4 C:\xampp\htdocs\k24_yii\protected\views\user\admin.php(50): CBaseController->widget('zii.widgets.gri...', Array)
#5 C:\xampp\htdocs\master_yii_1.13\framework\web\CBaseController.php(126): require('C:\\xampp\\htdocs...')
#6 C:\xampp\htdocs\master_yii_1.13\framework\web\CBaseController.php(95): CBaseController->renderInternal('C:\\xampp\\htdocs...', Array, true)
#7 C:\xampp\htdocs\master_yii_1.13\framework\web\CController.php(869): CBaseController->renderFile('C:\\xampp\\htdocs...', Array, true)
#8 C:\xampp\htdocs\master_yii_1.13\framework\web\CController.php(782): CController->renderPartial('admin', Array, true)
#9 C:\xampp\htdocs\k24_yii\protected\controllers\UserController.php(143): CController->render('admin', Array)
#10 C:\xampp\htdocs\master_yii_1.13\framework\web\actions\CInlineAction.php(49): UserController->actionAdmin()
#11 C:\xampp\htdocs\master_yii_1.13\framework\web\CController.php(308): CInlineAction->runWithParams(Array)
#12 C:\xampp\htdocs\master_yii_1.13\framework\web\filters\CFilterChain.php(133): CController->runAction(Object(CInlineAction))
#13 C:\xampp\htdocs\master_yii_1.13\framework\web\filters\CFilter.php(40): CFilterChain->run()
#14 C:\xampp\htdocs\master_yii_1.13\framework\web\CController.php(1145): CFilter->filter(Object(CFilterChain))
#15 C:\xampp\htdocs\master_yii_1.13\framework\web\filters\CInlineFilter.php(58): CController->filterAccessControl(Object(CFilterChain))
#16 C:\xampp\htdocs\master_yii_1.13\framework\web\filters\CFilterChain.php(130): CInlineFilter->filter(Object(CFilterChain))
#17 C:\xampp\htdocs\master_yii_1.13\framework\web\CController.php(291): CFilterChain->run()
#18 C:\xampp\htdocs\master_yii_1.13\framework\web\CController.php(265): CController->runActionWithFilters(Object(CInlineAction), Array)
#19 C:\xampp\htdocs\master_yii_1.13\framework\web\CWebApplication.php(282): CController->run('admin')
#20 C:\xampp\htdocs\master_yii_1.13\framework\web\CWebApplication.php(141): CWebApplication->runController('user/admin')
#21 C:\xampp\htdocs\master_yii_1.13\framework\base\CApplication.php(169): CWebApplication->processRequest()
#22 C:\xampp\htdocs\k24_yii\index.php(13): CApplication->run()
#23 {main}
REQUEST_URI=/k24_yii/index.php?r=user/admin
HTTP_REFERER=http://localhost/k24_yii/index.php?r=user/index
---
2018/05/31 09:14:17 [error] [exception.CException] exception 'CException' with message 'The column must be specified in the format of "Name:Type:Label", where "Type" and "Label" are optional.' in C:\xampp\htdocs\master_yii_1.13\framework\zii\widgets\grid\CGridView.php:387
Stack trace:
#0 C:\xampp\htdocs\master_yii_1.13\framework\zii\widgets\grid\CGridView.php(358): CGridView->createDataColumn('***********')
#1 C:\xampp\htdocs\master_yii_1.13\framework\zii\widgets\grid\CGridView.php(334): CGridView->initColumns()
#2 C:\xampp\htdocs\master_yii_1.13\framework\web\CBaseController.php(147): CGridView->init()
#3 C:\xampp\htdocs\master_yii_1.13\framework\web\CBaseController.php(172): CBaseController->createWidget('zii.widgets.gri...', Array)
#4 C:\xampp\htdocs\k24_yii\protected\views\user\admin.php(50): CBaseController->widget('zii.widgets.gri...', Array)
#5 C:\xampp\htdocs\master_yii_1.13\framework\web\CBaseController.php(126): require('C:\\xampp\\htdocs...')
#6 C:\xampp\htdocs\master_yii_1.13\framework\web\CBaseController.php(95): CBaseController->renderInternal('C:\\xampp\\htdocs...', Array, true)
#7 C:\xampp\htdocs\master_yii_1.13\framework\web\CController.php(869): CBaseController->renderFile('C:\\xampp\\htdocs...', Array, true)
#8 C:\xampp\htdocs\master_yii_1.13\framework\web\CController.php(782): CController->renderPartial('admin', Array, true)
#9 C:\xampp\htdocs\k24_yii\protected\controllers\UserController.php(143): CController->render('admin', Array)
#10 C:\xampp\htdocs\master_yii_1.13\framework\web\actions\CInlineAction.php(49): UserController->actionAdmin()
#11 C:\xampp\htdocs\master_yii_1.13\framework\web\CController.php(308): CInlineAction->runWithParams(Array)
#12 C:\xampp\htdocs\master_yii_1.13\framework\web\filters\CFilterChain.php(133): CController->runAction(Object(CInlineAction))
#13 C:\xampp\htdocs\master_yii_1.13\framework\web\filters\CFilter.php(40): CFilterChain->run()
#14 C:\xampp\htdocs\master_yii_1.13\framework\web\CController.php(1145): CFilter->filter(Object(CFilterChain))
#15 C:\xampp\htdocs\master_yii_1.13\framework\web\filters\CInlineFilter.php(58): CController->filterAccessControl(Object(CFilterChain))
#16 C:\xampp\htdocs\master_yii_1.13\framework\web\filters\CFilterChain.php(130): CInlineFilter->filter(Object(CFilterChain))
#17 C:\xampp\htdocs\master_yii_1.13\framework\web\CController.php(291): CFilterChain->run()
#18 C:\xampp\htdocs\master_yii_1.13\framework\web\CController.php(265): CController->runActionWithFilters(Object(CInlineAction), Array)
#19 C:\xampp\htdocs\master_yii_1.13\framework\web\CWebApplication.php(282): CController->run('admin')
#20 C:\xampp\htdocs\master_yii_1.13\framework\web\CWebApplication.php(141): CWebApplication->runController('user/admin')
#21 C:\xampp\htdocs\master_yii_1.13\framework\base\CApplication.php(169): CWebApplication->processRequest()
#22 C:\xampp\htdocs\k24_yii\index.php(13): CApplication->run()
#23 {main}
REQUEST_URI=/k24_yii/index.php?r=user/admin
HTTP_REFERER=http://localhost/k24_yii/index.php?r=user/index
---
2018/05/31 09:14:24 [error] [exception.CException] exception 'CException' with message 'The column must be specified in the format of "Name:Type:Label", where "Type" and "Label" are optional.' in C:\xampp\htdocs\master_yii_1.13\framework\zii\widgets\grid\CGridView.php:387
Stack trace:
#0 C:\xampp\htdocs\master_yii_1.13\framework\zii\widgets\grid\CGridView.php(358): CGridView->createDataColumn('***********')
#1 C:\xampp\htdocs\master_yii_1.13\framework\zii\widgets\grid\CGridView.php(334): CGridView->initColumns()
#2 C:\xampp\htdocs\master_yii_1.13\framework\web\CBaseController.php(147): CGridView->init()
#3 C:\xampp\htdocs\master_yii_1.13\framework\web\CBaseController.php(172): CBaseController->createWidget('zii.widgets.gri...', Array)
#4 C:\xampp\htdocs\k24_yii\protected\views\user\admin.php(50): CBaseController->widget('zii.widgets.gri...', Array)
#5 C:\xampp\htdocs\master_yii_1.13\framework\web\CBaseController.php(126): require('C:\\xampp\\htdocs...')
#6 C:\xampp\htdocs\master_yii_1.13\framework\web\CBaseController.php(95): CBaseController->renderInternal('C:\\xampp\\htdocs...', Array, true)
#7 C:\xampp\htdocs\master_yii_1.13\framework\web\CController.php(869): CBaseController->renderFile('C:\\xampp\\htdocs...', Array, true)
#8 C:\xampp\htdocs\master_yii_1.13\framework\web\CController.php(782): CController->renderPartial('admin', Array, true)
#9 C:\xampp\htdocs\k24_yii\protected\controllers\UserController.php(143): CController->render('admin', Array)
#10 C:\xampp\htdocs\master_yii_1.13\framework\web\actions\CInlineAction.php(49): UserController->actionAdmin()
#11 C:\xampp\htdocs\master_yii_1.13\framework\web\CController.php(308): CInlineAction->runWithParams(Array)
#12 C:\xampp\htdocs\master_yii_1.13\framework\web\filters\CFilterChain.php(133): CController->runAction(Object(CInlineAction))
#13 C:\xampp\htdocs\master_yii_1.13\framework\web\filters\CFilter.php(40): CFilterChain->run()
#14 C:\xampp\htdocs\master_yii_1.13\framework\web\CController.php(1145): CFilter->filter(Object(CFilterChain))
#15 C:\xampp\htdocs\master_yii_1.13\framework\web\filters\CInlineFilter.php(58): CController->filterAccessControl(Object(CFilterChain))
#16 C:\xampp\htdocs\master_yii_1.13\framework\web\filters\CFilterChain.php(130): CInlineFilter->filter(Object(CFilterChain))
#17 C:\xampp\htdocs\master_yii_1.13\framework\web\CController.php(291): CFilterChain->run()
#18 C:\xampp\htdocs\master_yii_1.13\framework\web\CController.php(265): CController->runActionWithFilters(Object(CInlineAction), Array)
#19 C:\xampp\htdocs\master_yii_1.13\framework\web\CWebApplication.php(282): CController->run('admin')
#20 C:\xampp\htdocs\master_yii_1.13\framework\web\CWebApplication.php(141): CWebApplication->runController('user/admin')
#21 C:\xampp\htdocs\master_yii_1.13\framework\base\CApplication.php(169): CWebApplication->processRequest()
#22 C:\xampp\htdocs\k24_yii\index.php(13): CApplication->run()
#23 {main}
REQUEST_URI=/k24_yii/index.php?r=user/admin
HTTP_REFERER=http://localhost/k24_yii/index.php?r=user/index&view=index
---
2018/05/31 09:26:47 [error] [exception.CException] exception 'CException' with message 'The attribute must be specified in the format of "Name:Type:Label", where "Type" and "Label" are optional.' in C:\xampp\htdocs\k24_yii\master_yii_1.13\framework\zii\widgets\CDetailView.php:180
Stack trace:
#0 C:\xampp\htdocs\k24_yii\master_yii_1.13\framework\web\CBaseController.php(173): CDetailView->run()
#1 C:\xampp\htdocs\k24_yii\protected\views\user\view.php(28): CBaseController->widget('zii.widgets.CDe...', Array)
#2 C:\xampp\htdocs\k24_yii\master_yii_1.13\framework\web\CBaseController.php(126): require('C:\\xampp\\htdocs...')
#3 C:\xampp\htdocs\k24_yii\master_yii_1.13\framework\web\CBaseController.php(95): CBaseController->renderInternal('C:\\xampp\\htdocs...', Array, true)
#4 C:\xampp\htdocs\k24_yii\master_yii_1.13\framework\web\CController.php(869): CBaseController->renderFile('C:\\xampp\\htdocs...', Array, true)
#5 C:\xampp\htdocs\k24_yii\master_yii_1.13\framework\web\CController.php(782): CController->renderPartial('view', Array, true)
#6 C:\xampp\htdocs\k24_yii\protected\controllers\UserController.php(56): CController->render('view', Array)
#7 [internal function]: UserController->actionView('5')
#8 C:\xampp\htdocs\k24_yii\master_yii_1.13\framework\web\actions\CAction.php(108): ReflectionMethod->invokeArgs(Object(UserController), Array)
#9 C:\xampp\htdocs\k24_yii\master_yii_1.13\framework\web\actions\CInlineAction.php(47): CAction->runWithParamsInternal(Object(UserController), Object(ReflectionMethod), Array)
#10 C:\xampp\htdocs\k24_yii\master_yii_1.13\framework\web\CController.php(308): CInlineAction->runWithParams(Array)
#11 C:\xampp\htdocs\k24_yii\master_yii_1.13\framework\web\filters\CFilterChain.php(133): CController->runAction(Object(CInlineAction))
#12 C:\xampp\htdocs\k24_yii\master_yii_1.13\framework\web\filters\CFilter.php(40): CFilterChain->run()
#13 C:\xampp\htdocs\k24_yii\master_yii_1.13\framework\web\CController.php(1145): CFilter->filter(Object(CFilterChain))
#14 C:\xampp\htdocs\k24_yii\master_yii_1.13\framework\web\filters\CInlineFilter.php(58): CController->filterAccessControl(Object(CFilterChain))
#15 C:\xampp\htdocs\k24_yii\master_yii_1.13\framework\web\filters\CFilterChain.php(130): CInlineFilter->filter(Object(CFilterChain))
#16 C:\xampp\htdocs\k24_yii\master_yii_1.13\framework\web\CController.php(291): CFilterChain->run()
#17 C:\xampp\htdocs\k24_yii\master_yii_1.13\framework\web\CController.php(265): CController->runActionWithFilters(Object(CInlineAction), Array)
#18 C:\xampp\htdocs\k24_yii\master_yii_1.13\framework\web\CWebApplication.php(282): CController->run('view')
#19 C:\xampp\htdocs\k24_yii\master_yii_1.13\framework\web\CWebApplication.php(141): CWebApplication->runController('user/view')
#20 C:\xampp\htdocs\k24_yii\master_yii_1.13\framework\base\CApplication.php(169): CWebApplication->processRequest()
#21 C:\xampp\htdocs\k24_yii\index.php(13): CApplication->run()
#22 {main}
REQUEST_URI=/k24_yii/index.php?r=user/view&id=5
HTTP_REFERER=http://localhost/k24_yii/index.php?r=user/admin
---
2018/05/31 09:34:12 [error] [exception.CException] exception 'CException' with message 'User and its behaviors do not have a method or closure named "getAttributePassword".' in C:\xampp\htdocs\k24_yii\master_yii_1.13\framework\base\CComponent.php:265
Stack trace:
#0 C:\xampp\htdocs\k24_yii\master_yii_1.13\framework\db\ar\CActiveRecord.php(225): CComponent->__call('getAttributePas...', Array)
#1 C:\xampp\htdocs\k24_yii\protected\views\user\_view.php(16): CActiveRecord->__call('getAttributePas...', Array)
#2 C:\xampp\htdocs\k24_yii\protected\views\user\_view.php(16): User->getAttributePassword('password')
#3 C:\xampp\htdocs\k24_yii\master_yii_1.13\framework\web\CBaseController.php(130): require('C:\\xampp\\htdocs...')
#4 C:\xampp\htdocs\k24_yii\master_yii_1.13\framework\web\CBaseController.php(95): CBaseController->renderInternal('C:\\xampp\\htdocs...', Array, false)
#5 C:\xampp\htdocs\k24_yii\master_yii_1.13\framework\zii\widgets\CListView.php(281): CBaseController->renderFile('C:\\xampp\\htdocs...', Array)
#6 C:\xampp\htdocs\k24_yii\master_yii_1.13\framework\zii\widgets\CBaseListView.php(160): CListView->renderItems()
#7 [internal function]: CBaseListView->renderSection(Array)
#8 C:\xampp\htdocs\k24_yii\master_yii_1.13\framework\zii\widgets\CBaseListView.php(143): preg_replace_callback('/{(\\w+)}/', Array, '{summary}\n{sort...')
#9 C:\xampp\htdocs\k24_yii\master_yii_1.13\framework\zii\widgets\CBaseListView.php(128): CBaseListView->renderContent()
#10 C:\xampp\htdocs\k24_yii\master_yii_1.13\framework\web\CBaseController.php(173): CBaseListView->run()
#11 C:\xampp\htdocs\k24_yii\protected\views\user\index.php(20): CBaseController->widget('zii.widgets.CLi...', Array)
#12 C:\xampp\htdocs\k24_yii\master_yii_1.13\framework\web\CBaseController.php(126): require('C:\\xampp\\htdocs...')
#13 C:\xampp\htdocs\k24_yii\master_yii_1.13\framework\web\CBaseController.php(95): CBaseController->renderInternal('C:\\xampp\\htdocs...', Array, true)
#14 C:\xampp\htdocs\k24_yii\master_yii_1.13\framework\web\CController.php(869): CBaseController->renderFile('C:\\xampp\\htdocs...', Array, true)
#15 C:\xampp\htdocs\k24_yii\master_yii_1.13\framework\web\CController.php(782): CController->renderPartial('index', Array, true)
#16 C:\xampp\htdocs\k24_yii\protected\controllers\UserController.php(128): CController->render('index', Array)
#17 C:\xampp\htdocs\k24_yii\master_yii_1.13\framework\web\actions\CInlineAction.php(49): UserController->actionIndex()
#18 C:\xampp\htdocs\k24_yii\master_yii_1.13\framework\web\CController.php(308): CInlineAction->runWithParams(Array)
#19 C:\xampp\htdocs\k24_yii\master_yii_1.13\framework\web\filters\CFilterChain.php(133): CController->runAction(Object(CInlineAction))
#20 C:\xampp\htdocs\k24_yii\master_yii_1.13\framework\web\filters\CFilter.php(40): CFilterChain->run()
#21 C:\xampp\htdocs\k24_yii\master_yii_1.13\framework\web\CController.php(1145): CFilter->filter(Object(CFilterChain))
#22 C:\xampp\htdocs\k24_yii\master_yii_1.13\framework\web\filters\CInlineFilter.php(58): CController->filterAccessControl(Object(CFilterChain))
#23 C:\xampp\htdocs\k24_yii\master_yii_1.13\framework\web\filters\CFilterChain.php(130): CInlineFilter->filter(Object(CFilterChain))
#24 C:\xampp\htdocs\k24_yii\master_yii_1.13\framework\web\CController.php(291): CFilterChain->run()
#25 C:\xampp\htdocs\k24_yii\master_yii_1.13\framework\web\CController.php(265): CController->runActionWithFilters(Object(CInlineAction), Array)
#26 C:\xampp\htdocs\k24_yii\master_yii_1.13\framework\web\CWebApplication.php(282): CController->run('index')
#27 C:\xampp\htdocs\k24_yii\master_yii_1.13\framework\web\CWebApplication.php(141): CWebApplication->runController('user/index')
#28 C:\xampp\htdocs\k24_yii\master_yii_1.13\framework\base\CApplication.php(169): CWebApplication->processRequest()
#29 C:\xampp\htdocs\k24_yii\index.php(13): CApplication->run()
#30 {main}
REQUEST_URI=/k24_yii/index.php?r=user/index&view=index
HTTP_REFERER=http://localhost/k24_yii/index.php?r=member/index&view=index
---
2018/05/31 10:46:10 [error] [php] Use of undefined constant password - assumed 'password' (C:\xampp\htdocs\k24_yii\protected\components\UserIdentity.php:25)
Stack trace:
#0 C:\xampp\htdocs\k24_yii\master_yii_1_13\framework\validators\CValidator.php(213): CInlineValidator->validateAttribute()
#1 C:\xampp\htdocs\k24_yii\master_yii_1_13\framework\base\CModel.php(159): CInlineValidator->validate()
#2 C:\xampp\htdocs\k24_yii\protected\controllers\SiteController.php(94): LoginForm->validate()
#3 C:\xampp\htdocs\k24_yii\master_yii_1_13\framework\web\actions\CInlineAction.php(49): SiteController->actionLogin()
#4 C:\xampp\htdocs\k24_yii\master_yii_1_13\framework\web\CController.php(308): CInlineAction->runWithParams()
#5 C:\xampp\htdocs\k24_yii\master_yii_1_13\framework\web\CController.php(286): SiteController->runAction()
#6 C:\xampp\htdocs\k24_yii\master_yii_1_13\framework\web\CController.php(265): SiteController->runActionWithFilters()
#7 C:\xampp\htdocs\k24_yii\master_yii_1_13\framework\web\CWebApplication.php(282): SiteController->run()
#8 C:\xampp\htdocs\k24_yii\master_yii_1_13\framework\web\CWebApplication.php(141): CWebApplication->runController()
#9 C:\xampp\htdocs\k24_yii\master_yii_1_13\framework\base\CApplication.php(169): CWebApplication->processRequest()
#10 C:\xampp\htdocs\k24_yii\index.php(13): CWebApplication->run()
REQUEST_URI=/k24_yii/index.php?r=site/login
in C:\xampp\htdocs\k24_yii\protected\components\UserIdentity.php (25)
in C:\xampp\htdocs\k24_yii\protected\models\LoginForm.php (52)
in C:\xampp\htdocs\k24_yii\protected\controllers\SiteController.php (94)
2018/05/31 10:48:11 [error] [exception.CException] exception 'CException' with message 'UserIdentity and its behaviors do not have a method or closure named "md5".' in C:\xampp\htdocs\k24_yii\master_yii_1_13\framework\base\CComponent.php:265
Stack trace:
#0 C:\xampp\htdocs\k24_yii\protected\components\UserIdentity.php(25): CComponent->__call('md5', Array)
#1 C:\xampp\htdocs\k24_yii\protected\components\UserIdentity.php(25): UserIdentity->md5('admin')
#2 C:\xampp\htdocs\k24_yii\protected\models\LoginForm.php(52): UserIdentity->authenticate()
#3 C:\xampp\htdocs\k24_yii\master_yii_1_13\framework\validators\CInlineValidator.php(42): LoginForm->authenticate('password', Array)
#4 C:\xampp\htdocs\k24_yii\master_yii_1_13\framework\validators\CValidator.php(213): CInlineValidator->validateAttribute(Object(LoginForm), 'password')
#5 C:\xampp\htdocs\k24_yii\master_yii_1_13\framework\base\CModel.php(159): CValidator->validate(Object(LoginForm), NULL)
#6 C:\xampp\htdocs\k24_yii\protected\controllers\SiteController.php(94): CModel->validate()
#7 C:\xampp\htdocs\k24_yii\master_yii_1_13\framework\web\actions\CInlineAction.php(49): SiteController->actionLogin()
#8 C:\xampp\htdocs\k24_yii\master_yii_1_13\framework\web\CController.php(308): CInlineAction->runWithParams(Array)
#9 C:\xampp\htdocs\k24_yii\master_yii_1_13\framework\web\CController.php(286): CController->runAction(Object(CInlineAction))
#10 C:\xampp\htdocs\k24_yii\master_yii_1_13\framework\web\CController.php(265): CController->runActionWithFilters(Object(CInlineAction), Array)
#11 C:\xampp\htdocs\k24_yii\master_yii_1_13\framework\web\CWebApplication.php(282): CController->run('login')
#12 C:\xampp\htdocs\k24_yii\master_yii_1_13\framework\web\CWebApplication.php(141): CWebApplication->runController('site/login')
#13 C:\xampp\htdocs\k24_yii\master_yii_1_13\framework\base\CApplication.php(169): CWebApplication->processRequest()
#14 C:\xampp\htdocs\k24_yii\index.php(13): CApplication->run()
#15 {main}
REQUEST_URI=/k24_yii/index.php?r=site/login
HTTP_REFERER=http://localhost/k24_yii/index.php?r=site/login
---
2018/05/31 10:51:09 [error] [exception.CException] exception 'CException' with message 'UserIdentity and its behaviors do not have a method or closure named "md5".' in C:\xampp\htdocs\k24_yii\master_yii_1_13\framework\base\CComponent.php:265
Stack trace:
#0 C:\xampp\htdocs\k24_yii\protected\components\UserIdentity.php(25): CComponent->__call('md5', Array)
#1 C:\xampp\htdocs\k24_yii\protected\components\UserIdentity.php(25): UserIdentity->md5('admin')
#2 C:\xampp\htdocs\k24_yii\protected\models\LoginForm.php(52): UserIdentity->authenticate()
#3 C:\xampp\htdocs\k24_yii\master_yii_1_13\framework\validators\CInlineValidator.php(42): LoginForm->authenticate('password', Array)
#4 C:\xampp\htdocs\k24_yii\master_yii_1_13\framework\validators\CValidator.php(213): CInlineValidator->validateAttribute(Object(LoginForm), 'password')
#5 C:\xampp\htdocs\k24_yii\master_yii_1_13\framework\base\CModel.php(159): CValidator->validate(Object(LoginForm), NULL)
#6 C:\xampp\htdocs\k24_yii\protected\controllers\SiteController.php(94): CModel->validate()
#7 C:\xampp\htdocs\k24_yii\master_yii_1_13\framework\web\actions\CInlineAction.php(49): SiteController->actionLogin()
#8 C:\xampp\htdocs\k24_yii\master_yii_1_13\framework\web\CController.php(308): CInlineAction->runWithParams(Array)
#9 C:\xampp\htdocs\k24_yii\master_yii_1_13\framework\web\CController.php(286): CController->runAction(Object(CInlineAction))
#10 C:\xampp\htdocs\k24_yii\master_yii_1_13\framework\web\CController.php(265): CController->runActionWithFilters(Object(CInlineAction), Array)
#11 C:\xampp\htdocs\k24_yii\master_yii_1_13\framework\web\CWebApplication.php(282): CController->run('login')
#12 C:\xampp\htdocs\k24_yii\master_yii_1_13\framework\web\CWebApplication.php(141): CWebApplication->runController('site/login')
#13 C:\xampp\htdocs\k24_yii\master_yii_1_13\framework\base\CApplication.php(169): CWebApplication->processRequest()
#14 C:\xampp\htdocs\k24_yii\index.php(13): CApplication->run()
#15 {main}
REQUEST_URI=/k24_yii/index.php?r=site/login
HTTP_REFERER=http://localhost/k24_yii/index.php?r=site/login
---
